<?xml version="1.0" encoding="UTF-8"?>
<testsuite xmlns:xsi="http://www.w3.org/2001/XMLSchema-instance" xsi:noNamespaceSchemaLocation="https://maven.apache.org/surefire/maven-surefire-plugin/xsd/surefire-test-report-3.0.xsd" version="3.0" name="es.upm.grise.profundizacion.CuentaBancariaTest" time="3.454" tests="4" errors="0" skipped="0" failures="0">
  <properties>
[...]
</properties>
  <testcase name="testAddOperacionDuplicada" classname="es.upm.grise.profundizacion.CuentaBancariaTest" time="3.262">
    <system-err><![CDATA[WARNING: A Java agent has been loaded dynamically (C:\Users\ASUS\.m2\repository\net\bytebuddy\byte-buddy-agent\1.14.6\byte-buddy-agent-1.14.6.jar)
WARNING: If a serviceability tool is in use, please run with -XX:+EnableDynamicAgentLoading to hide this warning
WARNING: If a serviceability tool is not in use, please run with -Djdk.instrument.traceUsage for more information
WARNING: Dynamic loading of agents will be disallowed by default in a future release
]]></system-err>
  </testcase>
  <testcase name="testAddOperacionValida" classname="es.upm.grise.profundizacion.CuentaBancariaTest" time="0.005"/>
  <testcase name="testAddOperacionNula" classname="es.upm.grise.profundizacion.CuentaBancariaTest" time="0.004"/>
  <testcase name="testGetSaldoActualValido" classname="es.upm.grise.profundizacion.CuentaBancariaTest" time="0.012"/>
</testsuite>